<?xml version="1.0" encoding="UTF-8"?>
<!-- Generated by org.testng.reporters.JUnitXMLReporter -->
<testsuite ignored="0" hostname="Tofig" failures="0" tests="16" name="Default test" time="68.732" errors="0" timestamp="2023-04-02T01:36:51 EDT">
  <testcase classname="com.cybertek.PracticeCyberTechTasks" name="actionsPractice" time="9.949"/>
  <testcase classname="com.cybertek.PracticeCyberTechTasks" name="doubleClickPractice" time="3.626"/>
  <testcase classname="com.cybertek.PracticeCyberTechTasks" name="dynamicControls1" time="3.583"/>
  <testcase classname="com.cybertek.PracticeCyberTechTasks" name="dynamicControls2" time="0.001"/>
  <testcase classname="com.cybertek.PracticeCyberTechTasks" name="explicitWaitExample7" time="5.778"/>
  <testcase classname="com.cybertek.PracticeCyberTechTasks" name="fileupload" time="3.132"/>
  <testcase classname="com.cybertek.PracticeCyberTechTasks" name="forgetPassword" time="0.843"/>
  <testcase classname="com.cybertek.PracticeCyberTechTasks" name="iframe" time="0.876"/>
  <testcase classname="com.cybertek.PracticeCyberTechTasks" name="iframeNested" time="0.297"/>
  <testcase classname="com.cybertek.PracticeCyberTechTasks" name="javasciptAlerts" time="0.778"/>
  <testcase classname="com.cybertek.PracticeCyberTechTasks" name="jsExecuterPractice1" time="6.591"/>
  <testcase classname="com.cybertek.PracticeCyberTechTasks" name="jsExecuterPractice2" time="11.418"/>
  <testcase classname="com.cybertek.PracticeCyberTechTasks" name="rightClickPractice" time="0.649"/>
  <testcase classname="com.cybertek.PracticeCyberTechTasks" name="sortableGetDataTable" time="0.514"/>
  <testcase classname="com.cybertek.PracticeCyberTechTasks" name="testDragAndDrop" time="3.83"/>
  <testcase classname="com.cybertek.PracticeCyberTechTasks" name="testPerformHoverAction" time="0.873"/>
</testsuite> <!-- Default test -->
